{"C:\\Users\\KIIT\\Desktop\\JavaScript\\New folder\\mythology-api\\server.js": {"path":"C:\\Users\\KIIT\\Desktop\\JavaScript\\New folder\\mythology-api\\server.js","statementMap":{"0":{"start":{"line":1,"column":16},"end":{"line":1,"column":34}},"1":{"start":{"line":2,"column":17},"end":{"line":2,"column":36}},"2":{"start":{"line":3,"column":13},"end":{"line":3,"column":28}},"3":{"start":{"line":4,"column":15},"end":{"line":4,"column":32}},"4":{"start":{"line":5,"column":13},"end":{"line":5,"column":28}},"5":{"start":{"line":6,"column":13},"end":{"line":6,"column":37}},"6":{"start":{"line":8,"column":0},"end":{"line":8,"column":16}},"7":{"start":{"line":10,"column":12},"end":{"line":10,"column":21}},"8":{"start":{"line":11,"column":13},"end":{"line":11,"column":37}},"9":{"start":{"line":14,"column":0},"end":{"line":14,"column":16}},"10":{"start":{"line":15,"column":0},"end":{"line":15,"column":24}},"11":{"start":{"line":16,"column":0},"end":{"line":16,"column":56}},"12":{"start":{"line":19,"column":0},"end":{"line":22,"column":69}},"13":{"start":{"line":21,"column":14},"end":{"line":21,"column":49}},"14":{"start":{"line":22,"column":18},"end":{"line":22,"column":67}},"15":{"start":{"line":25,"column":0},"end":{"line":32,"column":3}},"16":{"start":{"line":26,"column":2},"end":{"line":31,"column":3}},"17":{"start":{"line":27,"column":18},"end":{"line":27,"column":35}},"18":{"start":{"line":28,"column":4},"end":{"line":28,"column":20}},"19":{"start":{"line":30,"column":4},"end":{"line":30,"column":71}},"20":{"start":{"line":34,"column":0},"end":{"line":43,"column":3}},"21":{"start":{"line":35,"column":2},"end":{"line":42,"column":3}},"22":{"start":{"line":36,"column":18},"end":{"line":36,"column":45}},"23":{"start":{"line":37,"column":19},"end":{"line":37,"column":52}},"24":{"start":{"line":38,"column":17},"end":{"line":38,"column":50}},"25":{"start":{"line":39,"column":4},"end":{"line":39,"column":19}},"26":{"start":{"line":41,"column":4},"end":{"line":41,"column":75}},"27":{"start":{"line":45,"column":0},"end":{"line":53,"column":3}},"28":{"start":{"line":46,"column":2},"end":{"line":52,"column":3}},"29":{"start":{"line":47,"column":20},"end":{"line":47,"column":53}},"30":{"start":{"line":48,"column":18},"end":{"line":48,"column":38}},"31":{"start":{"line":49,"column":4},"end":{"line":49,"column":32}},"32":{"start":{"line":51,"column":4},"end":{"line":51,"column":66}},"33":{"start":{"line":55,"column":0},"end":{"line":67,"column":3}},"34":{"start":{"line":56,"column":2},"end":{"line":66,"column":3}},"35":{"start":{"line":57,"column":20},"end":{"line":61,"column":5}},"36":{"start":{"line":62,"column":4},"end":{"line":62,"column":77}},"37":{"start":{"line":62,"column":18},"end":{"line":62,"column":77}},"38":{"start":{"line":63,"column":4},"end":{"line":63,"column":22}},"39":{"start":{"line":65,"column":4},"end":{"line":65,"column":68}},"40":{"start":{"line":69,"column":0},"end":{"line":77,"column":3}},"41":{"start":{"line":70,"column":2},"end":{"line":76,"column":3}},"42":{"start":{"line":71,"column":20},"end":{"line":71,"column":63}},"43":{"start":{"line":72,"column":4},"end":{"line":72,"column":77}},"44":{"start":{"line":72,"column":18},"end":{"line":72,"column":77}},"45":{"start":{"line":73,"column":4},"end":{"line":73,"column":42}},"46":{"start":{"line":75,"column":4},"end":{"line":75,"column":68}},"47":{"start":{"line":80,"column":0},"end":{"line":82,"column":3}},"48":{"start":{"line":81,"column":2},"end":{"line":81,"column":61}},"49":{"start":{"line":85,"column":0},"end":{"line":87,"column":3}},"50":{"start":{"line":86,"column":2},"end":{"line":86,"column":55}},"51":{"start":{"line":90,"column":0},"end":{"line":90,"column":21}},"52":{"start":{"line":93,"column":0},"end":{"line":97,"column":1}},"53":{"start":{"line":94,"column":2},"end":{"line":96,"column":5}},"54":{"start":{"line":95,"column":4},"end":{"line":95,"column":65}}},"fnMap":{"0":{"name":"(anonymous_0)","decl":{"start":{"line":21,"column":8},"end":{"line":21,"column":9}},"loc":{"start":{"line":21,"column":14},"end":{"line":21,"column":49}},"line":21},"1":{"name":"(anonymous_1)","decl":{"start":{"line":22,"column":9},"end":{"line":22,"column":10}},"loc":{"start":{"line":22,"column":18},"end":{"line":22,"column":67}},"line":22},"2":{"name":"(anonymous_2)","decl":{"start":{"line":25,"column":22},"end":{"line":25,"column":23}},"loc":{"start":{"line":25,"column":42},"end":{"line":32,"column":1}},"line":25},"3":{"name":"(anonymous_3)","decl":{"start":{"line":34,"column":29},"end":{"line":34,"column":30}},"loc":{"start":{"line":34,"column":49},"end":{"line":43,"column":1}},"line":34},"4":{"name":"(anonymous_4)","decl":{"start":{"line":45,"column":23},"end":{"line":45,"column":24}},"loc":{"start":{"line":45,"column":43},"end":{"line":53,"column":1}},"line":45},"5":{"name":"(anonymous_5)","decl":{"start":{"line":55,"column":26},"end":{"line":55,"column":27}},"loc":{"start":{"line":55,"column":46},"end":{"line":67,"column":1}},"line":55},"6":{"name":"(anonymous_6)","decl":{"start":{"line":69,"column":29},"end":{"line":69,"column":30}},"loc":{"start":{"line":69,"column":49},"end":{"line":77,"column":1}},"line":69},"7":{"name":"(anonymous_7)","decl":{"start":{"line":80,"column":13},"end":{"line":80,"column":14}},"loc":{"start":{"line":80,"column":27},"end":{"line":82,"column":1}},"line":80},"8":{"name":"(anonymous_8)","decl":{"start":{"line":85,"column":8},"end":{"line":85,"column":9}},"loc":{"start":{"line":85,"column":22},"end":{"line":87,"column":1}},"line":85},"9":{"name":"(anonymous_9)","decl":{"start":{"line":94,"column":19},"end":{"line":94,"column":20}},"loc":{"start":{"line":94,"column":25},"end":{"line":96,"column":3}},"line":94}},"branchMap":{"0":{"loc":{"start":{"line":11,"column":13},"end":{"line":11,"column":37}},"type":"binary-expr","locations":[{"start":{"line":11,"column":13},"end":{"line":11,"column":29}},{"start":{"line":11,"column":33},"end":{"line":11,"column":37}}],"line":11},"1":{"loc":{"start":{"line":62,"column":4},"end":{"line":62,"column":77}},"type":"if","locations":[{"start":{"line":62,"column":4},"end":{"line":62,"column":77}},{"start":{},"end":{}}],"line":62},"2":{"loc":{"start":{"line":72,"column":4},"end":{"line":72,"column":77}},"type":"if","locations":[{"start":{"line":72,"column":4},"end":{"line":72,"column":77}},{"start":{},"end":{}}],"line":72},"3":{"loc":{"start":{"line":93,"column":0},"end":{"line":97,"column":1}},"type":"if","locations":[{"start":{"line":93,"column":0},"end":{"line":97,"column":1}},{"start":{},"end":{}}],"line":93}},"s":{"0":1,"1":1,"2":1,"3":1,"4":1,"5":1,"6":1,"7":1,"8":1,"9":1,"10":1,"11":1,"12":1,"13":1,"14":0,"15":1,"16":1,"17":1,"18":1,"19":0,"20":1,"21":1,"22":1,"23":1,"24":1,"25":1,"26":0,"27":1,"28":1,"29":1,"30":1,"31":1,"32":0,"33":1,"34":0,"35":0,"36":0,"37":0,"38":0,"39":0,"40":1,"41":0,"42":0,"43":0,"44":0,"45":0,"46":0,"47":1,"48":0,"49":1,"50":0,"51":1,"52":1,"53":0,"54":0},"f":{"0":1,"1":0,"2":1,"3":1,"4":1,"5":0,"6":0,"7":0,"8":0,"9":0},"b":{"0":[1,0],"1":[0,0],"2":[0,0],"3":[0,1]},"_coverageSchema":"1a1c01bbd47fc00a2c39e90264f33305004495a9","hash":"7b3de42c3f16f71ca9529fc707e0df5afa4f92f9"}
,"C:\\Users\\KIIT\\Desktop\\JavaScript\\New folder\\mythology-api\\models\\Fact.js": {"path":"C:\\Users\\KIIT\\Desktop\\JavaScript\\New folder\\mythology-api\\models\\Fact.js","statementMap":{"0":{"start":{"line":1,"column":17},"end":{"line":1,"column":36}},"1":{"start":{"line":3,"column":19},"end":{"line":8,"column":2}},"2":{"start":{"line":10,"column":13},"end":{"line":10,"column":47}},"3":{"start":{"line":11,"column":0},"end":{"line":11,"column":22}}},"fnMap":{},"branchMap":{},"s":{"0":3,"1":3,"2":3,"3":3},"f":{},"b":{},"_coverageSchema":"1a1c01bbd47fc00a2c39e90264f33305004495a9","hash":"88f3899850d15774d2817213b702248eac3cd285"}
}
